[2026-06-29 22:02:25] STATUS=INFO MESSAGE=Session start SESSION_ID=session_1782750745365 PROMPT=Luxury hotel booking page
[2026-06-29 22:02:25] STATUS=INFO MESSAGE=Session created SESSION_ID=session_1782750745365 PATH=C:\merged_partition_content\D drive\Projects\text to design project\test-to-design3\backend\sessions\session_1782750745365
[2026-06-29 22:02:25] STATUS=INFO MESSAGE=Agent start STAGE=generation
[2026-06-29 22:02:25] STATUS=INFO MESSAGE=Agent end STAGE=generation FILES_COUNT=3
[2026-06-29 22:02:25] STATUS=INFO MESSAGE=Validation start SESSION_ID=session_1782750745365
[2026-06-29 22:02:25] STATUS=WARN MESSAGE=Validation failed SESSION_ID=session_1782750745365 ERRORS=[{"file":"components/PricingPlan.jsx","type":"INVALID_IMPORT","message":"framer-motion is not allowed"},{"file":"components/HeroSection.jsx","type":"SYNTAX_ERROR","message":"Unterminated JSX contents. (5:26)"}]
[2026-06-29 22:02:25] STATUS=INFO MESSAGE=Triggering Repair Pipeline SESSION_ID=session_1782750745365
[2026-06-29 22:02:25] STATUS=INFO MESSAGE=Repair Agent started ERRORS_COUNT=2
[2026-06-29 22:02:25] STATUS=INFO MESSAGE=Validation passed SESSION_ID=session_1782750745365
[2026-06-29 22:02:25] STATUS=INFO MESSAGE=Render Preview triggered SESSION_ID=session_1782750745365
2026-06-29 22:09:36 | INFO     | Pipeline started for session: session_1782751176
2026-06-29 22:09:36 | INFO     | Session created: session_1782751176
2026-06-29 22:09:36 | INFO     | Agent start: Generation
2026-06-29 22:09:36 | INFO     | Agent end: Generation
2026-06-29 22:09:37 | WARNING  | Validation failed with 2 errors
2026-06-29 22:09:37 | WARNING  | Validation failed, triggering Repair Agent
2026-06-29 22:09:37 | INFO     | Repairing 2 errors...
2026-06-29 22:09:37 | INFO     | Validation passed successfully
2026-06-29 22:09:37 | INFO     | Validation passed successfully
2026-06-29 22:13:07 | WARNING  | Validation failed with score 60 and 4 errors
2026-06-29 22:17:36 | INFO     | Pipeline started for session: session_1782751656
2026-06-29 22:17:36 | INFO     | Session created: session_1782751656
2026-06-29 22:17:36 | INFO     | Agent start: Generation
2026-06-29 22:17:36 | INFO     | Agent end: Generation
2026-06-29 22:17:36 | WARNING  | Validation failed with score 70 and 3 errors
2026-06-29 22:17:36 | WARNING  | Validation failed, triggering Repair Agent
2026-06-29 22:17:36 | INFO     | Repairing 3 errors...
2026-06-29 22:17:36 | INFO     | Validation passed successfully (Score: 100)
2026-06-29 22:17:36 | INFO     | Validation passed successfully
2026-06-29 22:18:09 | INFO     | Pipeline started for session: session_1782751689
2026-06-29 22:18:09 | INFO     | Session created: session_1782751689
2026-06-29 22:18:09 | INFO     | Agent start: Generation
2026-06-29 22:18:09 | INFO     | Agent end: Generation
2026-06-29 22:18:09 | WARNING  | Validation failed with score 70 and 3 errors
2026-06-29 22:18:09 | WARNING  | Validation failed, triggering Repair Agent
2026-06-29 22:18:09 | INFO     | Repairing 3 errors...
2026-06-29 22:18:09 | INFO     | Validation passed successfully (Score: 100)
2026-06-29 22:18:09 | INFO     | Validation passed successfully
