[14:30:53] [Agent: GENERATION] [Status: START]
[ADK] User Prompt: A modern analytics dashboard with a dark theme
Generation Mode: single_mode
Variation Count: 1
User ID: test_user_1

[14:31:33] [Agent: GENERATION] [Status: SINGLE_CALL_START]
Components: App.jsx
components/Navbar.jsx
components/Sidebar.jsx
components/HeroSection.jsx
components/ChartGrid.jsx
components/DataCardGrid.jsx
components/TransactionTable.jsx
components/Footer.jsx

[14:32:52] [Agent: GENERATION] [Status: SINGLE_CALL_COMPLETE]
Generated 8 files.

[14:32:52] [Agent: GENERATION] [Status: AUTO_FIX_START]
Fixing 5 files with 27 errors.

[14:34:21] [Agent: GENERATION] [Status: AUTO_FIX_COMPLETE]
Repaired 5 files.

[14:34:22] [Agent: GENERATION] [Status: AUTO_FIX_START]
Fixing 5 files with 38 errors.

[14:36:12] [Agent: GENERATION] [Status: AUTO_FIX_COMPLETE]
Repaired 4 files.

