[13:16:39] [Agent: GENERATION] [Status: START]
[ADK] User Prompt: Build a e-commerce store: Online store front
Generation Mode: single_mode
Variation Count: 1
User ID: 4bb0cbfa-400c-4b5c-b1e4-72d6ed48c7fa

[13:17:10] [Agent: GENERATION] [Status: SINGLE_CALL_START]
Components: App.jsx
components/Navbar.jsx
components/HeroSection.jsx
components/ProductGrid.jsx
components/Footer.jsx

[13:17:37] [Agent: GENERATION] [Status: SINGLE_CALL_COMPLETE]
Generated 5 files.

[13:17:37] [Agent: GENERATION] [Status: AUTO_FIX_START]
Fixing 3 files with 19 errors.

[13:18:15] [Agent: GENERATION] [Status: AUTO_FIX_COMPLETE]
Repaired 2 files.

[13:18:15] [Agent: GENERATION] [Status: AUTO_FIX_START]
Fixing 3 files with 19 errors.

[13:18:58] [Agent: GENERATION] [Status: AUTO_FIX_COMPLETE]
Repaired 2 files.

