[13:09:52] [Agent: GENERATION] [Status: START]
[ADK] User Prompt: Build a e-commerce store: Online store front
Generation Mode: single_mode
Variation Count: 1
User ID: 4bb0cbfa-400c-4b5c-b1e4-72d6ed48c7fa

[13:10:34] [Agent: GENERATION] [Status: SINGLE_CALL_START]
Components: App.jsx
components/Navbar.jsx
components/HeroSection.jsx
components/CategoryShowcase.jsx
components/ProductGrid.jsx
components/Footer.jsx

[13:11:00] [Agent: GENERATION] [Status: SINGLE_CALL_COMPLETE]
Generated 6 files.

[13:11:00] [Agent: GENERATION] [Status: AUTO_FIX_START]
Fixing 3 files with 10 errors.

[13:11:41] [Agent: GENERATION] [Status: AUTO_FIX_COMPLETE]
Repaired 3 files.

[13:11:42] [Agent: GENERATION] [Status: AUTO_FIX_START]
Fixing 3 files with 13 errors.

[13:12:01] [Agent: GENERATION] [Status: AUTO_FIX_COMPLETE]
Repaired 3 files.

