[22:07:18] [Agent: GENERATION] [Status: START]
[ADK] User Prompt: Build a saas landing page: Modern SaaS landing page
Generation Mode: single_mode
Variation Count: 1
User ID: 4bb0cbfa-400c-4b5c-b1e4-72d6ed48c7fa

[22:07:33] [Agent: GENERATION] [Status: SINGLE_CALL_START]
Components: App.jsx
components/Navbar.jsx
components/HeroSection.jsx
components/FeaturesSection.jsx
components/TestimonialCarousel.jsx
components/PricingPlan.jsx
components/CallToActionSection.jsx
components/FooterSection.jsx

[22:08:30] [Agent: GENERATION] [Status: SINGLE_CALL_COMPLETE]
Generated 13 files.

[22:08:30] [Agent: GENERATION] [Status: AUTO_FIX_START]
Fixing 9 files with 28 errors.

[22:09:12] [Agent: GENERATION] [Status: AUTO_FIX_COMPLETE]
Repaired 7 files.

[22:09:12] [Agent: GENERATION] [Status: AUTO_FIX_START]
Fixing 9 files with 28 errors.

[22:11:11] [Agent: GENERATION] [Status: AUTO_FIX_COMPLETE]
Repaired 9 files.

